C:\USERS\CAMEREN\DOCUMENTS\GITHUB\GSP362-DDTACTICS\DDTACTICS\DDTACTICS\DDT\DEBUG\CHARACTER.OBJ
C:\USERS\CAMEREN\DOCUMENTS\GITHUB\GSP362-DDTACTICS\DDTACTICS\DDTACTICS\DDT\DEBUG\GRAPHICSMANAGER2D.OBJ
C:\USERS\CAMEREN\DOCUMENTS\GITHUB\GSP362-DDTACTICS\DDTACTICS\DDTACTICS\DDT\DEBUG\BUTTON.OBJ
C:\USERS\CAMEREN\DOCUMENTS\GITHUB\GSP362-DDTACTICS\DDTACTICS\DDTACTICS\DDT\DEBUG\CURSOR.OBJ
C:\USERS\CAMEREN\DOCUMENTS\GITHUB\GSP362-DDTACTICS\DDTACTICS\DDTACTICS\DDT\DEBUG\DDTACTICS.OBJ
C:\USERS\CAMEREN\DOCUMENTS\GITHUB\GSP362-DDTACTICS\DDTACTICS\DDTACTICS\DDT\DEBUG\GRAPHICSMANAGER3D.OBJ
C:\USERS\CAMEREN\DOCUMENTS\GITHUB\GSP362-DDTACTICS\DDTACTICS\DDTACTICS\DDT\DEBUG\INPUTMANAGER.OBJ
C:\USERS\CAMEREN\DOCUMENTS\GITHUB\GSP362-DDTACTICS\DDTACTICS\DDTACTICS\DDT\DEBUG\INTRO.OBJ
C:\USERS\CAMEREN\DOCUMENTS\GITHUB\GSP362-DDTACTICS\DDTACTICS\DDTACTICS\DDT\DEBUG\INVENTORY.OBJ
C:\USERS\CAMEREN\DOCUMENTS\GITHUB\GSP362-DDTACTICS\DDTACTICS\DDTACTICS\DDT\DEBUG\IOMANAGER.OBJ
C:\USERS\CAMEREN\DOCUMENTS\GITHUB\GSP362-DDTACTICS\DDTACTICS\DDTACTICS\DDT\DEBUG\JOB.OBJ
C:\USERS\CAMEREN\DOCUMENTS\GITHUB\GSP362-DDTACTICS\DDTACTICS\DDTACTICS\DDT\DEBUG\MAIN.OBJ
C:\USERS\CAMEREN\DOCUMENTS\GITHUB\GSP362-DDTACTICS\DDTACTICS\DDTACTICS\DDT\DEBUG\MENU.OBJ
C:\USERS\CAMEREN\DOCUMENTS\GITHUB\GSP362-DDTACTICS\DDTACTICS\DDTACTICS\DDT\DEBUG\MESH.OBJ
C:\USERS\CAMEREN\DOCUMENTS\GITHUB\GSP362-DDTACTICS\DDTACTICS\DDTACTICS\DDT\DEBUG\OVERWORLD.OBJ
C:\USERS\CAMEREN\DOCUMENTS\GITHUB\GSP362-DDTACTICS\DDTACTICS\DDTACTICS\DDT\DEBUG\PLAYER.OBJ
C:\USERS\CAMEREN\DOCUMENTS\GITHUB\GSP362-DDTACTICS\DDTACTICS\DDTACTICS\DDT\DEBUG\SOUNDMANAGER.OBJ
C:\USERS\CAMEREN\DOCUMENTS\GITHUB\GSP362-DDTACTICS\DDTACTICS\DDTACTICS\DDT\DEBUG\STATUSMENU.OBJ
C:\USERS\CAMEREN\DOCUMENTS\GITHUB\GSP362-DDTACTICS\DDTACTICS\DDTACTICS\DDT\DEBUG\TEXTMANAGER.OBJ
C:\USERS\CAMEREN\DOCUMENTS\GITHUB\GSP362-DDTACTICS\DDTACTICS\DDTACTICS\DDT\DEBUG\TOWN.OBJ
C:\USERS\CAMEREN\DOCUMENTS\GITHUB\GSP362-DDTACTICS\DDTACTICS\DDTACTICS\DDT\DEBUG\CGRAPH.OBJ
C:\USERS\CAMEREN\DOCUMENTS\GITHUB\GSP362-DDTACTICS\DDTACTICS\DDTACTICS\DDT\DEBUG\VC110.PDB
C:\USERS\CAMEREN\DOCUMENTS\GITHUB\GSP362-DDTACTICS\DDTACTICS\DDTACTICS\DDT\DEBUG\BATTLE.OBJ
C:\USERS\CAMEREN\DOCUMENTS\GITHUB\GSP362-DDTACTICS\DDTACTICS\DDTACTICS\DEBUG\DDT.ILK
C:\USERS\CAMEREN\DOCUMENTS\GITHUB\GSP362-DDTACTICS\DDTACTICS\DDTACTICS\DEBUG\DDT.EXE
C:\USERS\CAMEREN\DOCUMENTS\GITHUB\GSP362-DDTACTICS\DDTACTICS\DDTACTICS\DEBUG\DDT.PDB
C:\Users\Cameren\Documents\GitHub\GSP362-DDTactics\DDTactics\DDTactics\DDT\Debug\Battle.obj
C:\Users\Cameren\Documents\GitHub\GSP362-DDTactics\DDTactics\DDTactics\DDT\Debug\Button.obj
C:\Users\Cameren\Documents\GitHub\GSP362-DDTactics\DDTactics\DDTactics\DDT\Debug\CGraph.obj
C:\Users\Cameren\Documents\GitHub\GSP362-DDTactics\DDTactics\DDTactics\DDT\Debug\Character.obj
C:\Users\Cameren\Documents\GitHub\GSP362-DDTactics\DDTactics\DDTactics\DDT\Debug\Cursor.obj
C:\Users\Cameren\Documents\GitHub\GSP362-DDTactics\DDTactics\DDTactics\DDT\Debug\DDTactics.obj
C:\Users\Cameren\Documents\GitHub\GSP362-DDTactics\DDTactics\DDTactics\DDT\Debug\GraphicsManager2D.obj
C:\Users\Cameren\Documents\GitHub\GSP362-DDTactics\DDTactics\DDTactics\DDT\Debug\GraphicsManager3D.obj
C:\Users\Cameren\Documents\GitHub\GSP362-DDTactics\DDTactics\DDTactics\DDT\Debug\InputManager.obj
C:\Users\Cameren\Documents\GitHub\GSP362-DDTactics\DDTactics\DDTactics\DDT\Debug\Intro.obj
C:\Users\Cameren\Documents\GitHub\GSP362-DDTactics\DDTactics\DDTactics\DDT\Debug\Inventory.obj
C:\Users\Cameren\Documents\GitHub\GSP362-DDTactics\DDTactics\DDTactics\DDT\Debug\IOManager.obj
C:\Users\Cameren\Documents\GitHub\GSP362-DDTactics\DDTactics\DDTactics\DDT\Debug\Job.obj
C:\Users\Cameren\Documents\GitHub\GSP362-DDTactics\DDTactics\DDTactics\DDT\Debug\Main.obj
C:\Users\Cameren\Documents\GitHub\GSP362-DDTactics\DDTactics\DDTactics\DDT\Debug\Menu.obj
C:\Users\Cameren\Documents\GitHub\GSP362-DDTactics\DDTactics\DDTactics\DDT\Debug\Mesh.obj
C:\Users\Cameren\Documents\GitHub\GSP362-DDTactics\DDTactics\DDTactics\DDT\Debug\Overworld.obj
C:\Users\Cameren\Documents\GitHub\GSP362-DDTactics\DDTactics\DDTactics\DDT\Debug\Player.obj
C:\Users\Cameren\Documents\GitHub\GSP362-DDTactics\DDTactics\DDTactics\DDT\Debug\SoundManager.obj
C:\Users\Cameren\Documents\GitHub\GSP362-DDTactics\DDTactics\DDTactics\DDT\Debug\StatusMenu.obj
C:\Users\Cameren\Documents\GitHub\GSP362-DDTactics\DDTactics\DDTactics\DDT\Debug\TextManager.obj
C:\Users\Cameren\Documents\GitHub\GSP362-DDTactics\DDTactics\DDTactics\DDT\Debug\Town.obj
C:\Users\Cameren\Documents\GitHub\GSP362-DDTactics\DDTactics\DDTactics\DDT\Debug\cl.command.1.tlog
C:\Users\Cameren\Documents\GitHub\GSP362-DDTactics\DDTactics\DDTactics\DDT\Debug\CL.read.1.tlog
C:\Users\Cameren\Documents\GitHub\GSP362-DDTactics\DDTactics\DDTactics\DDT\Debug\CL.write.1.tlog
C:\Users\Cameren\Documents\GitHub\GSP362-DDTactics\DDTactics\DDTactics\DDT\Debug\link-cvtres.read.1.tlog
C:\Users\Cameren\Documents\GitHub\GSP362-DDTactics\DDTactics\DDTactics\DDT\Debug\link-cvtres.write.1.tlog
C:\Users\Cameren\Documents\GitHub\GSP362-DDTactics\DDTactics\DDTactics\DDT\Debug\link-rc.read.1.tlog
C:\Users\Cameren\Documents\GitHub\GSP362-DDTactics\DDTactics\DDTactics\DDT\Debug\link-rc.write.1.tlog
C:\Users\Cameren\Documents\GitHub\GSP362-DDTactics\DDTactics\DDTactics\DDT\Debug\link.2956-cvtres.read.1.tlog
C:\Users\Cameren\Documents\GitHub\GSP362-DDTactics\DDTactics\DDTactics\DDT\Debug\link.2956-cvtres.write.1.tlog
C:\Users\Cameren\Documents\GitHub\GSP362-DDTactics\DDTactics\DDTactics\DDT\Debug\link.2956-rc.read.1.tlog
C:\Users\Cameren\Documents\GitHub\GSP362-DDTactics\DDTactics\DDTactics\DDT\Debug\link.2956-rc.write.1.tlog
C:\Users\Cameren\Documents\GitHub\GSP362-DDTactics\DDTactics\DDTactics\DDT\Debug\link.2956.read.1.tlog
C:\Users\Cameren\Documents\GitHub\GSP362-DDTactics\DDTactics\DDTactics\DDT\Debug\link.2956.write.1.tlog
C:\Users\Cameren\Documents\GitHub\GSP362-DDTactics\DDTactics\DDTactics\DDT\Debug\link.4012-cvtres.read.1.tlog
C:\Users\Cameren\Documents\GitHub\GSP362-DDTactics\DDTactics\DDTactics\DDT\Debug\link.4012-cvtres.write.1.tlog
C:\Users\Cameren\Documents\GitHub\GSP362-DDTactics\DDTactics\DDTactics\DDT\Debug\link.4012-rc.read.1.tlog
C:\Users\Cameren\Documents\GitHub\GSP362-DDTactics\DDTactics\DDTactics\DDT\Debug\link.4012-rc.write.1.tlog
C:\Users\Cameren\Documents\GitHub\GSP362-DDTactics\DDTactics\DDTactics\DDT\Debug\link.4012.read.1.tlog
C:\Users\Cameren\Documents\GitHub\GSP362-DDTactics\DDTactics\DDTactics\DDT\Debug\link.4012.write.1.tlog
C:\Users\Cameren\Documents\GitHub\GSP362-DDTactics\DDTactics\DDTactics\DDT\Debug\link.4020-cvtres.read.1.tlog
C:\Users\Cameren\Documents\GitHub\GSP362-DDTactics\DDTactics\DDTactics\DDT\Debug\link.4020-cvtres.write.1.tlog
C:\Users\Cameren\Documents\GitHub\GSP362-DDTactics\DDTactics\DDTactics\DDT\Debug\link.4020-rc.read.1.tlog
C:\Users\Cameren\Documents\GitHub\GSP362-DDTactics\DDTactics\DDTactics\DDT\Debug\link.4020-rc.write.1.tlog
C:\Users\Cameren\Documents\GitHub\GSP362-DDTactics\DDTactics\DDTactics\DDT\Debug\link.4020.read.1.tlog
C:\Users\Cameren\Documents\GitHub\GSP362-DDTactics\DDTactics\DDTactics\DDT\Debug\link.4020.write.1.tlog
C:\Users\Cameren\Documents\GitHub\GSP362-DDTactics\DDTactics\DDTactics\DDT\Debug\link.4452-cvtres.read.1.tlog
C:\Users\Cameren\Documents\GitHub\GSP362-DDTactics\DDTactics\DDTactics\DDT\Debug\link.4452-cvtres.write.1.tlog
C:\Users\Cameren\Documents\GitHub\GSP362-DDTactics\DDTactics\DDTactics\DDT\Debug\link.4452-rc.read.1.tlog
C:\Users\Cameren\Documents\GitHub\GSP362-DDTactics\DDTactics\DDTactics\DDT\Debug\link.4452-rc.write.1.tlog
C:\Users\Cameren\Documents\GitHub\GSP362-DDTactics\DDTactics\DDTactics\DDT\Debug\link.4452.read.1.tlog
C:\Users\Cameren\Documents\GitHub\GSP362-DDTactics\DDTactics\DDTactics\DDT\Debug\link.4452.write.1.tlog
C:\Users\Cameren\Documents\GitHub\GSP362-DDTactics\DDTactics\DDTactics\DDT\Debug\link.6308-cvtres.read.1.tlog
C:\Users\Cameren\Documents\GitHub\GSP362-DDTactics\DDTactics\DDTactics\DDT\Debug\link.6308-cvtres.write.1.tlog
C:\Users\Cameren\Documents\GitHub\GSP362-DDTactics\DDTactics\DDTactics\DDT\Debug\link.6308-rc.read.1.tlog
C:\Users\Cameren\Documents\GitHub\GSP362-DDTactics\DDTactics\DDTactics\DDT\Debug\link.6308-rc.write.1.tlog
C:\Users\Cameren\Documents\GitHub\GSP362-DDTactics\DDTactics\DDTactics\DDT\Debug\link.6308.read.1.tlog
C:\Users\Cameren\Documents\GitHub\GSP362-DDTactics\DDTactics\DDTactics\DDT\Debug\link.6308.write.1.tlog
C:\Users\Cameren\Documents\GitHub\GSP362-DDTactics\DDTactics\DDTactics\DDT\Debug\link.6352-cvtres.read.1.tlog
C:\Users\Cameren\Documents\GitHub\GSP362-DDTactics\DDTactics\DDTactics\DDT\Debug\link.6352-cvtres.write.1.tlog
C:\Users\Cameren\Documents\GitHub\GSP362-DDTactics\DDTactics\DDTactics\DDT\Debug\link.6352-rc.read.1.tlog
C:\Users\Cameren\Documents\GitHub\GSP362-DDTactics\DDTactics\DDTactics\DDT\Debug\link.6352-rc.write.1.tlog
C:\Users\Cameren\Documents\GitHub\GSP362-DDTactics\DDTactics\DDTactics\DDT\Debug\link.6352.read.1.tlog
C:\Users\Cameren\Documents\GitHub\GSP362-DDTactics\DDTactics\DDTactics\DDT\Debug\link.6352.write.1.tlog
C:\Users\Cameren\Documents\GitHub\GSP362-DDTactics\DDTactics\DDTactics\DDT\Debug\link.6948-cvtres.read.1.tlog
C:\Users\Cameren\Documents\GitHub\GSP362-DDTactics\DDTactics\DDTactics\DDT\Debug\link.6948-cvtres.write.1.tlog
C:\Users\Cameren\Documents\GitHub\GSP362-DDTactics\DDTactics\DDTactics\DDT\Debug\link.6948-rc.read.1.tlog
C:\Users\Cameren\Documents\GitHub\GSP362-DDTactics\DDTactics\DDTactics\DDT\Debug\link.6948-rc.write.1.tlog
C:\Users\Cameren\Documents\GitHub\GSP362-DDTactics\DDTactics\DDTactics\DDT\Debug\link.6948.read.1.tlog
C:\Users\Cameren\Documents\GitHub\GSP362-DDTactics\DDTactics\DDTactics\DDT\Debug\link.6948.write.1.tlog
C:\Users\Cameren\Documents\GitHub\GSP362-DDTactics\DDTactics\DDTactics\DDT\Debug\link.command.1.tlog
C:\Users\Cameren\Documents\GitHub\GSP362-DDTactics\DDTactics\DDTactics\DDT\Debug\link.read.1.tlog
C:\Users\Cameren\Documents\GitHub\GSP362-DDTactics\DDTactics\DDTactics\DDT\Debug\link.write.1.tlog
C:\Users\Cameren\Documents\GitHub\GSP362-DDTactics\DDTactics\DDTactics\DDT\Debug\vc110.idb
C:\Users\Cameren\Documents\GitHub\GSP362-DDTactics\DDTactics\DDTactics\DDT\Debug\vc110.pdb
C:\Users\Cameren\Documents\GitHub\GSP362-DDTactics\DDTactics\DDTactics\Debug\DDT.pdb
C:\Users\Cameren\Documents\GitHub\GSP362-DDTactics\DDTactics\DDTactics\Debug\DDT.exe
C:\Users\Cameren\Documents\GitHub\GSP362-DDTactics\DDTactics\DDTactics\Debug\DDT.ilk
