C:\USERS\KAMAHL\DOCUMENTS\GITHUB\GSP362-DDTACTICS\DDTACTICS\DDTACTICS\DEBUG\BASECHARACTER.OBJ
C:\USERS\KAMAHL\DOCUMENTS\GITHUB\GSP362-DDTACTICS\DDTACTICS\DDTACTICS\DEBUG\BATTLE.OBJ
C:\USERS\KAMAHL\DOCUMENTS\GITHUB\GSP362-DDTACTICS\DDTACTICS\DDTACTICS\DEBUG\BUTTON.OBJ
C:\USERS\KAMAHL\DOCUMENTS\GITHUB\GSP362-DDTACTICS\DDTACTICS\DDTACTICS\DEBUG\DIRECTXFRAMEWORK.OBJ
C:\USERS\KAMAHL\DOCUMENTS\GITHUB\GSP362-DDTACTICS\DDTACTICS\DDTACTICS\DEBUG\GREYMAGE.OBJ
C:\USERS\KAMAHL\DOCUMENTS\GITHUB\GSP362-DDTACTICS\DDTACTICS\DDTACTICS\DEBUG\JOB.OBJ
C:\USERS\KAMAHL\DOCUMENTS\GITHUB\GSP362-DDTACTICS\DDTACTICS\DDTACTICS\DEBUG\MAIN.OBJ
C:\USERS\KAMAHL\DOCUMENTS\GITHUB\GSP362-DDTACTICS\DDTACTICS\DDTACTICS\DEBUG\OVERWORLD.OBJ
C:\USERS\KAMAHL\DOCUMENTS\GITHUB\GSP362-DDTACTICS\DDTACTICS\DDTACTICS\DEBUG\ROGUE.OBJ
C:\USERS\KAMAHL\DOCUMENTS\GITHUB\GSP362-DDTACTICS\DDTACTICS\DDTACTICS\DEBUG\STATUSWINDOW.OBJ
C:\USERS\KAMAHL\DOCUMENTS\GITHUB\GSP362-DDTACTICS\DDTACTICS\DDTACTICS\DEBUG\WARRIOR.OBJ
C:\USERS\KAMAHL\DOCUMENTS\GITHUB\GSP362-DDTACTICS\DDTACTICS\DDTACTICS\DEBUG\VC110.PDB
C:\USERS\KAMAHL\DOCUMENTS\GITHUB\GSP362-DDTACTICS\DDTACTICS\DDTACTICS\DEBUG\MENU.OBJ
C:\USERS\KAMAHL\DOCUMENTS\GITHUB\GSP362-DDTACTICS\DDTACTICS\DEBUG\DDTACTICS.ILK
C:\USERS\KAMAHL\DOCUMENTS\GITHUB\GSP362-DDTACTICS\DDTACTICS\DEBUG\DDTACTICS.EXE
C:\USERS\KAMAHL\DOCUMENTS\GITHUB\GSP362-DDTACTICS\DDTACTICS\DEBUG\DDTACTICS.PDB
C:\Users\Kamahl\Documents\GitHub\GSP362-DDTactics\DDTactics\DDTactics\Debug\BaseCharacter.obj
C:\Users\Kamahl\Documents\GitHub\GSP362-DDTactics\DDTactics\DDTactics\Debug\Battle.obj
C:\Users\Kamahl\Documents\GitHub\GSP362-DDTactics\DDTactics\DDTactics\Debug\Button.obj
C:\Users\Kamahl\Documents\GitHub\GSP362-DDTactics\DDTactics\DDTactics\Debug\DirectxFramework.obj
C:\Users\Kamahl\Documents\GitHub\GSP362-DDTactics\DDTactics\DDTactics\Debug\GreyMage.obj
C:\Users\Kamahl\Documents\GitHub\GSP362-DDTactics\DDTactics\DDTactics\Debug\Job.obj
C:\Users\Kamahl\Documents\GitHub\GSP362-DDTactics\DDTactics\DDTactics\Debug\Main.obj
C:\Users\Kamahl\Documents\GitHub\GSP362-DDTactics\DDTactics\DDTactics\Debug\Menu.obj
C:\Users\Kamahl\Documents\GitHub\GSP362-DDTactics\DDTactics\DDTactics\Debug\overworld.obj
C:\Users\Kamahl\Documents\GitHub\GSP362-DDTactics\DDTactics\DDTactics\Debug\Rogue.obj
C:\Users\Kamahl\Documents\GitHub\GSP362-DDTactics\DDTactics\DDTactics\Debug\StatusWindow.obj
C:\Users\Kamahl\Documents\GitHub\GSP362-DDTactics\DDTactics\DDTactics\Debug\Warrior.obj
C:\Users\Kamahl\Documents\GitHub\GSP362-DDTactics\DDTactics\DDTactics\Debug\cl.command.1.tlog
C:\Users\Kamahl\Documents\GitHub\GSP362-DDTactics\DDTactics\DDTactics\Debug\CL.read.1.tlog
C:\Users\Kamahl\Documents\GitHub\GSP362-DDTactics\DDTactics\DDTactics\Debug\CL.write.1.tlog
C:\Users\Kamahl\Documents\GitHub\GSP362-DDTactics\DDTactics\DDTactics\Debug\link-cvtres.read.1.tlog
C:\Users\Kamahl\Documents\GitHub\GSP362-DDTactics\DDTactics\DDTactics\Debug\link-cvtres.write.1.tlog
C:\Users\Kamahl\Documents\GitHub\GSP362-DDTactics\DDTactics\DDTactics\Debug\link-rc.read.1.tlog
C:\Users\Kamahl\Documents\GitHub\GSP362-DDTactics\DDTactics\DDTactics\Debug\link-rc.write.1.tlog
C:\Users\Kamahl\Documents\GitHub\GSP362-DDTactics\DDTactics\DDTactics\Debug\link.5608-cvtres.read.1.tlog
C:\Users\Kamahl\Documents\GitHub\GSP362-DDTactics\DDTactics\DDTactics\Debug\link.5608-cvtres.write.1.tlog
C:\Users\Kamahl\Documents\GitHub\GSP362-DDTactics\DDTactics\DDTactics\Debug\link.5608-rc.read.1.tlog
C:\Users\Kamahl\Documents\GitHub\GSP362-DDTactics\DDTactics\DDTactics\Debug\link.5608-rc.write.1.tlog
C:\Users\Kamahl\Documents\GitHub\GSP362-DDTactics\DDTactics\DDTactics\Debug\link.5608.read.1.tlog
C:\Users\Kamahl\Documents\GitHub\GSP362-DDTactics\DDTactics\DDTactics\Debug\link.5608.write.1.tlog
C:\Users\Kamahl\Documents\GitHub\GSP362-DDTactics\DDTactics\DDTactics\Debug\link.command.1.tlog
C:\Users\Kamahl\Documents\GitHub\GSP362-DDTactics\DDTactics\DDTactics\Debug\link.read.1.tlog
C:\Users\Kamahl\Documents\GitHub\GSP362-DDTactics\DDTactics\DDTactics\Debug\link.write.1.tlog
C:\Users\Kamahl\Documents\GitHub\GSP362-DDTactics\DDTactics\DDTactics\Debug\vc110.idb
C:\Users\Kamahl\Documents\GitHub\GSP362-DDTactics\DDTactics\DDTactics\Debug\vc110.pdb
C:\Users\Kamahl\Documents\GitHub\GSP362-DDTactics\DDTactics\Debug\DDTactics.pdb
C:\Users\Kamahl\Documents\GitHub\GSP362-DDTactics\DDTactics\Debug\DDTactics.exe
C:\Users\Kamahl\Documents\GitHub\GSP362-DDTactics\DDTactics\Debug\DDTactics.ilk
