Build started 1/15/2014 4:00:15 PM.
     1>Project "C:\Users\Cameren\Documents\GitHub\GSP362-DDTactics\DDTactics\DDTactics\DDTactics.vcxproj" on node 2 (Build target(s)).
     1>ClCompile:
         C:\Program Files (x86)\Microsoft Visual Studio 11.0\VC\bin\CL.exe /c /ZI /nologo /W3 /WX- /Od /Oy- /D WIN32 /D _DEBUG /D _WINDOWS /D _UNICODE /D UNICODE /Gm /EHsc /RTC1 /MDd /GS /fp:precise /Zc:wchar_t /Zc:forScope /Fo"Debug\\" /Fd"Debug\vc110.pdb" /Gd /TP /analyze- /errorReport:prompt BaseCharacter.cpp Button.cpp DirectxFramework.cpp GreyMage.cpp Job.cpp Main.cpp Menu.cpp Rogue.cpp Warrior.cpp
         Warrior.cpp
         Rogue.cpp
         Menu.cpp
         Main.cpp
         Job.cpp
         GreyMage.cpp
         DirectxFramework.cpp
         Button.cpp
         BaseCharacter.cpp
         Generating Code...
       Link:
         C:\Program Files (x86)\Microsoft Visual Studio 11.0\VC\bin\link.exe /ERRORREPORT:PROMPT /OUT:"C:\Users\Cameren\Documents\GitHub\GSP362-DDTactics\DDTactics\Debug\DDTactics.exe" /INCREMENTAL /NOLOGO kernel32.lib user32.lib gdi32.lib winspool.lib comdlg32.lib advapi32.lib shell32.lib ole32.lib oleaut32.lib uuid.lib odbc32.lib odbccp32.lib /MANIFEST /MANIFESTUAC:"level='asInvoker' uiAccess='false'" /manifest:embed /DEBUG /PDB:"C:\Users\Cameren\Documents\GitHub\GSP362-DDTactics\DDTactics\Debug\DDTactics.pdb" /SUBSYSTEM:WINDOWS /TLBID:1 /DYNAMICBASE /NXCOMPAT /IMPLIB:"C:\Users\Cameren\Documents\GitHub\GSP362-DDTactics\DDTactics\Debug\DDTactics.lib" /MACHINE:X86 Debug\BaseCharacter.obj
         Debug\Button.obj
         Debug\DirectxFramework.obj
         Debug\GreyMage.obj
         Debug\Job.obj
         Debug\Main.obj
         Debug\Menu.obj
         Debug\Rogue.obj
         Debug\Warrior.obj
         DDTactics.vcxproj -> C:\Users\Cameren\Documents\GitHub\GSP362-DDTactics\DDTactics\Debug\DDTactics.exe
     1>Done Building Project "C:\Users\Cameren\Documents\GitHub\GSP362-DDTactics\DDTactics\DDTactics\DDTactics.vcxproj" (Build target(s)).

Build succeeded.

Time Elapsed 00:00:20.87
